<?xml version="1.0" encoding="UTF-8"?>
<!-- Generated by org.testng.reporters.JUnitReportReporter -->
<testsuite hostname="Mypc" name="testNG.LoginTC_TestNG" tests="1" failures="0" timestamp="5 Mar 2018 17:52:48 GMT" time="25.643" errors="0">
  <testcase name="login" time="25.643" classname="testNG.LoginTC_TestNG"/>
</testsuite> <!-- testNG.LoginTC_TestNG -->
