<?xml version="1.0" encoding="UTF-8"?>
<!-- Generated by org.testng.reporters.JUnitReportReporter -->
<testsuite hostname="Mypc" name="testNG.Userreg_TC" tests="1" failures="0" timestamp="6 Mar 2018 18:05:38 GMT" time="14.530" errors="0">
  <testcase name="org_Userreg" time="14.530" classname="testNG.Userreg_TC"/>
</testsuite> <!-- testNG.Userreg_TC -->
