<?xml version="1.0" encoding="UTF-8"?>
<!-- Generated by org.testng.reporters.JUnitReportReporter -->
<testsuite hostname="Mypc" name="grid.GridEg1" tests="2" failures="0" timestamp="12 Mar 2018 16:55:19 GMT" time="139.668" errors="0">
  <testcase name="t" time="76.526" classname="grid.GridEg1"/>
  <testcase name="t" time="63.142" classname="grid.GridEg1"/>
</testsuite> <!-- grid.GridEg1 -->
