<?xml version="1.0" encoding="UTF-8"?>
<!-- Generated by org.testng.reporters.JUnitReportReporter -->
<testsuite hostname="Mypc" name="testNG.Empreg_TestNG" tests="3" failures="0" timestamp="7 Mar 2018 17:18:01 GMT" time="28.051" errors="0">
  <testcase name="org_Empreg" time="9.354" classname="testNG.Empreg_TestNG"/>
  <testcase name="org_Empreg" time="9.973" classname="testNG.Empreg_TestNG"/>
  <testcase name="org_Empreg" time="8.724" classname="testNG.Empreg_TestNG"/>
</testsuite> <!-- testNG.Empreg_TestNG -->
