<?xml version="1.0" encoding="UTF-8"?>
<!-- Generated by org.testng.reporters.JUnitReportReporter -->
<testsuite hostname="Mypc" name="testNG.AnnotationsEg" tests="3" failures="0" timestamp="5 Mar 2018 17:37:02 GMT" time="0.039" errors="0">
  <testcase name="a" time="0.004" classname="testNG.AnnotationsEg"/>
  <testcase name="function1" time="0.029" classname="testNG.AnnotationsEg"/>
  <testcase name="function2" time="0.006" classname="testNG.AnnotationsEg"/>
</testsuite> <!-- testNG.AnnotationsEg -->
